#
# There is insufficient memory for the Java Runtime Environment to continue.
# Native memory allocation (malloc) failed to allocate 32744 bytes for ChunkPool::allocate
# Possible reasons:
#   The system is out of physical RAM or swap space
#   The process is running with CompressedOops enabled, and the Java Heap may be blocking the growth of the native heap
# Possible solutions:
#   Reduce memory load on the system
#   Increase physical memory or swap space
#   Check if swap backing store is full
#   Decrease Java heap size (-Xmx/-Xms)
#   Decrease number of Java threads
#   Decrease Java thread stack sizes (-Xss)
#   Set larger code cache with -XX:ReservedCodeCacheSize=
#   JVM is running with Unscaled Compressed Oops mode in which the Java heap is
#     placed in the first 4GB address space. The Java Heap base address is the
#     maximum limit for the native heap growth. Please use -XX:HeapBaseMinAddress
#     to set the Java Heap base and to place the Java Heap above 4GB virtual address.
# This output file may be truncated or incomplete.
#
#  Out of Memory Error (./src/hotspot/share/memory/arena.cpp:81), pid=15280, tid=1048
#
# JRE version: OpenJDK Runtime Environment JBR-11.0.9.1.11-1145.77-jcef (11.0.9.1+11) (build 11.0.9.1+11-b1145.77)
# Java VM: OpenJDK 64-Bit Server VM JBR-11.0.9.1.11-1145.77-jcef (11.0.9.1+11-b1145.77, mixed mode, tiered, compressed oops, g1 gc, windows-amd64)
# No core dump will be written. Minidumps are not enabled by default on client versions of Windows
#

---------------  S U M M A R Y ------------

Command Line: org.jetbrains.git4idea.http.GitAskPassApp Username for 'https://github.com': 

Host: Intel(R) Core(TM) i5-9300H CPU @ 2.40GHz, 8 cores, 7G,  Windows 10 , 64 bit Build 19041 (10.0.19041.804)
Time: Sun Mar 28 20:05:47 2021 中国标准时间 elapsed time: 0.187800 seconds (0d 0h 0m 0s)

---------------  T H R E A D  ---------------

Current thread (0x000002a1d76c8800):  JavaThread "C1 CompilerThread0" daemon [_thread_in_native, id=1048, stack(0x000000dfc3500000,0x000000dfc3600000)]


Current CompileTask:
C1:    187  195       3       jdk.internal.org.objectweb.asm.Frame::execute (2264 bytes)

Stack: [0x000000dfc3500000,0x000000dfc3600000]
Native frames: (J=compiled Java code, j=interpreted, Vv=VM code, C=native code)
V  [jvm.dll+0x5edd9a]
V  [jvm.dll+0x7229c5]
V  [jvm.dll+0x723f1d]
V  [jvm.dll+0x7245d3]
V  [jvm.dll+0x2431b8]
V  [jvm.dll+0xbc59b]
V  [jvm.dll+0xbc84c]
V  [jvm.dll+0x180f83]
V  [jvm.dll+0x180bf1]
V  [jvm.dll+0x123191]
V  [jvm.dll+0x1233ea]
V  [jvm.dll+0x1235e3]
V  [jvm.dll+0x1228f7]
V  [jvm.dll+0x1244c7]
V  [jvm.dll+0x209957]
V  [jvm.dll+0x2081a1]
V  [jvm.dll+0x6eb73f]
V  [jvm.dll+0x6e42d5]
V  [jvm.dll+0x5ecd46]
C  [ucrtbase.dll+0x21bb2]
C  [KERNEL32.DLL+0x17034]
C  [ntdll.dll+0x52651]


---------------  P R O C E S S  ---------------

Threads class SMR info:
_java_thread_list=0x000002a1d7854610, length=10, elements={
0x000002a1b8ebc800, 0x000002a1d6dcb000, 0x000002a1d6dcc800, 0x000002a1d76b8800,
0x000002a1d76b9800, 0x000002a1d76bc800, 0x000002a1d76c8800, 0x000002a1d76d4800,
0x000002a1d784e000, 0x000002a1d7854800
}

Java Threads: ( => current thread )
  0x000002a1b8ebc800 JavaThread "main" [_thread_in_vm, id=20028, stack(0x000000dfc2900000,0x000000dfc2a00000)]
  0x000002a1d6dcb000 JavaThread "Reference Handler" daemon [_thread_blocked, id=3636, stack(0x000000dfc3000000,0x000000dfc3100000)]
  0x000002a1d6dcc800 JavaThread "Finalizer" daemon [_thread_blocked, id=2808, stack(0x000000dfc3100000,0x000000dfc3200000)]
  0x000002a1d76b8800 JavaThread "Signal Dispatcher" daemon [_thread_blocked, id=3128, stack(0x000000dfc3200000,0x000000dfc3300000)]
  0x000002a1d76b9800 JavaThread "Attach Listener" daemon [_thread_blocked, id=21244, stack(0x000000dfc3300000,0x000000dfc3400000)]
  0x000002a1d76bc800 JavaThread "C2 CompilerThread0" daemon [_thread_in_native, id=14048, stack(0x000000dfc3400000,0x000000dfc3500000)]
=>0x000002a1d76c8800 JavaThread "C1 CompilerThread0" daemon [_thread_in_native, id=1048, stack(0x000000dfc3500000,0x000000dfc3600000)]
  0x000002a1d76d4800 JavaThread "Sweeper thread" daemon [_thread_blocked, id=15176, stack(0x000000dfc3600000,0x000000dfc3700000)]
  0x000002a1d784e000 JavaThread "Service Thread" daemon [_thread_blocked, id=20852, stack(0x000000dfc3700000,0x000000dfc3800000)]
  0x000002a1d7854800 JavaThread "Common-Cleaner" daemon [_thread_blocked, id=11348, stack(0x000000dfc3900000,0x000000dfc3a00000)]

Other Threads:
  0x000002a1d6dc9000 VMThread "VM Thread" [stack: 0x000000dfc2f00000,0x000000dfc3000000] [id=18792]
  0x000002a1d784f000 WatcherThread [stack: 0x000000dfc3800000,0x000000dfc3900000] [id=15528]
  0x000002a1b8ed7800 GCTaskThread "GC Thread#0" [stack: 0x000000dfc2a00000,0x000000dfc2b00000] [id=17600]
  0x000002a1d82b2800 GCTaskThread "GC Thread#1" [stack: 0x000000dfc3a00000,0x000000dfc3b00000] [id=21160]
  0x000002a1d82b3000 GCTaskThread "GC Thread#2" [stack: 0x000000dfc3b00000,0x000000dfc3c00000] [id=20008]
  0x000002a1b8f06800 ConcurrentGCThread "G1 Main Marker" [stack: 0x000000dfc2b00000,0x000000dfc2c00000] [id=21176]
  0x000002a1b8f09000 ConcurrentGCThread "G1 Conc#0" [stack: 0x000000dfc2c00000,0x000000dfc2d00000] [id=1620]
  0x000002a1d7879000 ConcurrentGCThread "G1 Conc#1" [stack: 0x000000dfc3c00000,0x000000dfc3d00000] [id=12620]
  0x000002a1d6c10800 ConcurrentGCThread "G1 Refine#0" [stack: 0x000000dfc2d00000,0x000000dfc2e00000] [id=1872]
  0x000002a1d6c11800 ConcurrentGCThread "G1 Young RemSet Sampling" [stack: 0x000000dfc2e00000,0x000000dfc2f00000] [id=14192]

Threads with active compile tasks:
C2 CompilerThread0    214  208       4       java.lang.StringLatin1::indexOf (61 bytes)
C1 CompilerThread0    215  195       3       jdk.internal.org.objectweb.asm.Frame::execute (2264 bytes)

VM state:not at safepoint (normal execution)

VM Mutex/Monitor currently owned by a thread: None

Heap address: 0x0000000083600000, size: 1994 MB, Compressed Oops mode: 32-bit
Narrow klass base: 0x0000000000000000, Narrow klass shift: 3
Compressed class space size: 1073741824 Address: 0x0000000100000000

Heap:
 garbage-first heap   total 129024K, used 979K [0x0000000083600000, 0x0000000100000000)
  region size 1024K, 2 young (2048K), 1 survivors (1024K)
 Metaspace       used 5874K, capacity 5970K, committed 6272K, reserved 1067008K
  class space    used 511K, capacity 541K, committed 640K, reserved 1048576K
Heap Regions: E=young(eden), S=young(survivor), O=old, HS=humongous(starts), HC=humongous(continues), CS=collection set, F=free, A=archive, TAMS=top-at-mark-start (previous, next)
|   0|0x0000000083600000, 0x0000000083600000, 0x0000000083700000|  0%| F|  |TAMS 0x0000000083600000, 0x0000000083600000| Untracked 
|   1|0x0000000083700000, 0x0000000083700000, 0x0000000083800000|  0%| F|  |TAMS 0x0000000083700000, 0x0000000083700000| Untracked 
|   2|0x0000000083800000, 0x0000000083800000, 0x0000000083900000|  0%| F|  |TAMS 0x0000000083800000, 0x0000000083800000| Untracked 
|   3|0x0000000083900000, 0x0000000083900000, 0x0000000083a00000|  0%| F|  |TAMS 0x0000000083900000, 0x0000000083900000| Untracked 
|   4|0x0000000083a00000, 0x0000000083a00000, 0x0000000083b00000|  0%| F|  |TAMS 0x0000000083a00000, 0x0000000083a00000| Untracked 
|   5|0x0000000083b00000, 0x0000000083b00000, 0x0000000083c00000|  0%| F|  |TAMS 0x0000000083b00000, 0x0000000083b00000| Untracked 
|   6|0x0000000083c00000, 0x0000000083c00000, 0x0000000083d00000|  0%| F|  |TAMS 0x0000000083c00000, 0x0000000083c00000| Untracked 
|   7|0x0000000083d00000, 0x0000000083d00000, 0x0000000083e00000|  0%| F|  |TAMS 0x0000000083d00000, 0x0000000083d00000| Untracked 
|   8|0x0000000083e00000, 0x0000000083e00000, 0x0000000083f00000|  0%| F|  |TAMS 0x0000000083e00000, 0x0000000083e00000| Untracked 
|   9|0x0000000083f00000, 0x0000000083f00000, 0x0000000084000000|  0%| F|  |TAMS 0x0000000083f00000, 0x0000000083f00000| Untracked 
|  10|0x0000000084000000, 0x0000000084000000, 0x0000000084100000|  0%| F|  |TAMS 0x0000000084000000, 0x0000000084000000| Untracked 
|  11|0x0000000084100000, 0x0000000084100000, 0x0000000084200000|  0%| F|  |TAMS 0x0000000084100000, 0x0000000084100000| Untracked 
|  12|0x0000000084200000, 0x0000000084200000, 0x0000000084300000|  0%| F|  |TAMS 0x0000000084200000, 0x0000000084200000| Untracked 
|  13|0x0000000084300000, 0x0000000084300000, 0x0000000084400000|  0%| F|  |TAMS 0x0000000084300000, 0x0000000084300000| Untracked 
|  14|0x0000000084400000, 0x0000000084400000, 0x0000000084500000|  0%| F|  |TAMS 0x0000000084400000, 0x0000000084400000| Untracked 
|  15|0x0000000084500000, 0x0000000084500000, 0x0000000084600000|  0%| F|  |TAMS 0x0000000084500000, 0x0000000084500000| Untracked 
|  16|0x0000000084600000, 0x0000000084600000, 0x0000000084700000|  0%| F|  |TAMS 0x0000000084600000, 0x0000000084600000| Untracked 
|  17|0x0000000084700000, 0x0000000084700000, 0x0000000084800000|  0%| F|  |TAMS 0x0000000084700000, 0x0000000084700000| Untracked 
|  18|0x0000000084800000, 0x0000000084800000, 0x0000000084900000|  0%| F|  |TAMS 0x0000000084800000, 0x0000000084800000| Untracked 
|  19|0x0000000084900000, 0x0000000084900000, 0x0000000084a00000|  0%| F|  |TAMS 0x0000000084900000, 0x0000000084900000| Untracked 
|  20|0x0000000084a00000, 0x0000000084a00000, 0x0000000084b00000|  0%| F|  |TAMS 0x0000000084a00000, 0x0000000084a00000| Untracked 
|  21|0x0000000084b00000, 0x0000000084b00000, 0x0000000084c00000|  0%| F|  |TAMS 0x0000000084b00000, 0x0000000084b00000| Untracked 
|  22|0x0000000084c00000, 0x0000000084c00000, 0x0000000084d00000|  0%| F|  |TAMS 0x0000000084c00000, 0x0000000084c00000| Untracked 
|  23|0x0000000084d00000, 0x0000000084d00000, 0x0000000084e00000|  0%| F|  |TAMS 0x0000000084d00000, 0x0000000084d00000| Untracked 
|  24|0x0000000084e00000, 0x0000000084e00000, 0x0000000084f00000|  0%| F|  |TAMS 0x0000000084e00000, 0x0000000084e00000| Untracked 
|  25|0x0000000084f00000, 0x0000000084f00000, 0x0000000085000000|  0%| F|  |TAMS 0x0000000084f00000, 0x0000000084f00000| Untracked 
|  26|0x0000000085000000, 0x0000000085000000, 0x0000000085100000|  0%| F|  |TAMS 0x0000000085000000, 0x0000000085000000| Untracked 
|  27|0x0000000085100000, 0x0000000085100000, 0x0000000085200000|  0%| F|  |TAMS 0x0000000085100000, 0x0000000085100000| Untracked 
|  28|0x0000000085200000, 0x0000000085200000, 0x0000000085300000|  0%| F|  |TAMS 0x0000000085200000, 0x0000000085200000| Untracked 
|  29|0x0000000085300000, 0x0000000085300000, 0x0000000085400000|  0%| F|  |TAMS 0x0000000085300000, 0x0000000085300000| Untracked 
|  30|0x0000000085400000, 0x0000000085400000, 0x0000000085500000|  0%| F|  |TAMS 0x0000000085400000, 0x0000000085400000| Untracked 
|  31|0x0000000085500000, 0x0000000085500000, 0x0000000085600000|  0%| F|  |TAMS 0x0000000085500000, 0x0000000085500000| Untracked 
|  32|0x0000000085600000, 0x0000000085600000, 0x0000000085700000|  0%| F|  |TAMS 0x0000000085600000, 0x0000000085600000| Untracked 
|  33|0x0000000085700000, 0x0000000085700000, 0x0000000085800000|  0%| F|  |TAMS 0x0000000085700000, 0x0000000085700000| Untracked 
|  34|0x0000000085800000, 0x0000000085800000, 0x0000000085900000|  0%| F|  |TAMS 0x0000000085800000, 0x0000000085800000| Untracked 
|  35|0x0000000085900000, 0x0000000085900000, 0x0000000085a00000|  0%| F|  |TAMS 0x0000000085900000, 0x0000000085900000| Untracked 
|  36|0x0000000085a00000, 0x0000000085a00000, 0x0000000085b00000|  0%| F|  |TAMS 0x0000000085a00000, 0x0000000085a00000| Untracked 
|  37|0x0000000085b00000, 0x0000000085b00000, 0x0000000085c00000|  0%| F|  |TAMS 0x0000000085b00000, 0x0000000085b00000| Untracked 
|  38|0x0000000085c00000, 0x0000000085c00000, 0x0000000085d00000|  0%| F|  |TAMS 0x0000000085c00000, 0x0000000085c00000| Untracked 
|  39|0x0000000085d00000, 0x0000000085d00000, 0x0000000085e00000|  0%| F|  |TAMS 0x0000000085d00000, 0x0000000085d00000| Untracked 
|  40|0x0000000085e00000, 0x0000000085e00000, 0x0000000085f00000|  0%| F|  |TAMS 0x0000000085e00000, 0x0000000085e00000| Untracked 
|  41|0x0000000085f00000, 0x0000000085f00000, 0x0000000086000000|  0%| F|  |TAMS 0x0000000085f00000, 0x0000000085f00000| Untracked 
|  42|0x0000000086000000, 0x0000000086000000, 0x0000000086100000|  0%| F|  |TAMS 0x0000000086000000, 0x0000000086000000| Untracked 
|  43|0x0000000086100000, 0x0000000086100000, 0x0000000086200000|  0%| F|  |TAMS 0x0000000086100000, 0x0000000086100000| Untracked 
|  44|0x0000000086200000, 0x0000000086200000, 0x0000000086300000|  0%| F|  |TAMS 0x0000000086200000, 0x0000000086200000| Untracked 
|  45|0x0000000086300000, 0x0000000086300000, 0x0000000086400000|  0%| F|  |TAMS 0x0000000086300000, 0x0000000086300000| Untracked 
|  46|0x0000000086400000, 0x0000000086400000, 0x0000000086500000|  0%| F|  |TAMS 0x0000000086400000, 0x0000000086400000| Untracked 
|  47|0x0000000086500000, 0x0000000086500000, 0x0000000086600000|  0%| F|  |TAMS 0x0000000086500000, 0x0000000086500000| Untracked 
|  48|0x0000000086600000, 0x0000000086600000, 0x0000000086700000|  0%| F|  |TAMS 0x0000000086600000, 0x0000000086600000| Untracked 
|  49|0x0000000086700000, 0x0000000086700000, 0x0000000086800000|  0%| F|  |TAMS 0x0000000086700000, 0x0000000086700000| Untracked 
|  50|0x0000000086800000, 0x0000000086800000, 0x0000000086900000|  0%| F|  |TAMS 0x0000000086800000, 0x0000000086800000| Untracked 
|  51|0x0000000086900000, 0x0000000086900000, 0x0000000086a00000|  0%| F|  |TAMS 0x0000000086900000, 0x0000000086900000| Untracked 
|  52|0x0000000086a00000, 0x0000000086a00000, 0x0000000086b00000|  0%| F|  |TAMS 0x0000000086a00000, 0x0000000086a00000| Untracked 
|  53|0x0000000086b00000, 0x0000000086b00000, 0x0000000086c00000|  0%| F|  |TAMS 0x0000000086b00000, 0x0000000086b00000| Untracked 
|  54|0x0000000086c00000, 0x0000000086c00000, 0x0000000086d00000|  0%| F|  |TAMS 0x0000000086c00000, 0x0000000086c00000| Untracked 
|  55|0x0000000086d00000, 0x0000000086d00000, 0x0000000086e00000|  0%| F|  |TAMS 0x0000000086d00000, 0x0000000086d00000| Untracked 
|  56|0x0000000086e00000, 0x0000000086e00000, 0x0000000086f00000|  0%| F|  |TAMS 0x0000000086e00000, 0x0000000086e00000| Untracked 
|  57|0x0000000086f00000, 0x0000000086f00000, 0x0000000087000000|  0%| F|  |TAMS 0x0000000086f00000, 0x0000000086f00000| Untracked 
|  58|0x0000000087000000, 0x0000000087000000, 0x0000000087100000|  0%| F|  |TAMS 0x0000000087000000, 0x0000000087000000| Untracked 
|  59|0x0000000087100000, 0x0000000087100000, 0x0000000087200000|  0%| F|  |TAMS 0x0000000087100000, 0x0000000087100000| Untracked 
|  60|0x0000000087200000, 0x0000000087200000, 0x0000000087300000|  0%| F|  |TAMS 0x0000000087200000, 0x0000000087200000| Untracked 
|  61|0x0000000087300000, 0x0000000087300000, 0x0000000087400000|  0%| F|  |TAMS 0x0000000087300000, 0x0000000087300000| Untracked 
|  62|0x0000000087400000, 0x0000000087400000, 0x0000000087500000|  0%| F|  |TAMS 0x0000000087400000, 0x0000000087400000| Untracked 
|  63|0x0000000087500000, 0x0000000087500000, 0x0000000087600000|  0%| F|  |TAMS 0x0000000087500000, 0x0000000087500000| Untracked 
|  64|0x0000000087600000, 0x0000000087600000, 0x0000000087700000|  0%| F|  |TAMS 0x0000000087600000, 0x0000000087600000| Untracked 
|  65|0x0000000087700000, 0x0000000087700000, 0x0000000087800000|  0%| F|  |TAMS 0x0000000087700000, 0x0000000087700000| Untracked 
|  66|0x0000000087800000, 0x0000000087800000, 0x0000000087900000|  0%| F|  |TAMS 0x0000000087800000, 0x0000000087800000| Untracked 
|  67|0x0000000087900000, 0x0000000087900000, 0x0000000087a00000|  0%| F|  |TAMS 0x0000000087900000, 0x0000000087900000| Untracked 
|  68|0x0000000087a00000, 0x0000000087a00000, 0x0000000087b00000|  0%| F|  |TAMS 0x0000000087a00000, 0x0000000087a00000| Untracked 
|  69|0x0000000087b00000, 0x0000000087b00000, 0x0000000087c00000|  0%| F|  |TAMS 0x0000000087b00000, 0x0000000087b00000| Untracked 
|  70|0x0000000087c00000, 0x0000000087c00000, 0x0000000087d00000|  0%| F|  |TAMS 0x0000000087c00000, 0x0000000087c00000| Untracked 
|  71|0x0000000087d00000, 0x0000000087d00000, 0x0000000087e00000|  0%| F|  |TAMS 0x0000000087d00000, 0x0000000087d00000| Untracked 
|  72|0x0000000087e00000, 0x0000000087e00000, 0x0000000087f00000|  0%| F|  |TAMS 0x0000000087e00000, 0x0000000087e00000| Untracked 
|  73|0x0000000087f00000, 0x0000000087f00000, 0x0000000088000000|  0%| F|  |TAMS 0x0000000087f00000, 0x0000000087f00000| Untracked 
|  74|0x0000000088000000, 0x0000000088000000, 0x0000000088100000|  0%| F|  |TAMS 0x0000000088000000, 0x0000000088000000| Untracked 
|  75|0x0000000088100000, 0x0000000088100000, 0x0000000088200000|  0%| F|  |TAMS 0x0000000088100000, 0x0000000088100000| Untracked 
|  76|0x0000000088200000, 0x0000000088200000, 0x0000000088300000|  0%| F|  |TAMS 0x0000000088200000, 0x0000000088200000| Untracked 
|  77|0x0000000088300000, 0x0000000088300000, 0x0000000088400000|  0%| F|  |TAMS 0x0000000088300000, 0x0000000088300000| Untracked 
|  78|0x0000000088400000, 0x0000000088400000, 0x0000000088500000|  0%| F|  |TAMS 0x0000000088400000, 0x0000000088400000| Untracked 
|  79|0x0000000088500000, 0x0000000088500000, 0x0000000088600000|  0%| F|  |TAMS 0x0000000088500000, 0x0000000088500000| Untracked 
|  80|0x0000000088600000, 0x0000000088600000, 0x0000000088700000|  0%| F|  |TAMS 0x0000000088600000, 0x0000000088600000| Untracked 
|  81|0x0000000088700000, 0x0000000088700000, 0x0000000088800000|  0%| F|  |TAMS 0x0000000088700000, 0x0000000088700000| Untracked 
|  82|0x0000000088800000, 0x0000000088800000, 0x0000000088900000|  0%| F|  |TAMS 0x0000000088800000, 0x0000000088800000| Untracked 
|  83|0x0000000088900000, 0x0000000088900000, 0x0000000088a00000|  0%| F|  |TAMS 0x0000000088900000, 0x0000000088900000| Untracked 
|  84|0x0000000088a00000, 0x0000000088a00000, 0x0000000088b00000|  0%| F|  |TAMS 0x0000000088a00000, 0x0000000088a00000| Untracked 
|  85|0x0000000088b00000, 0x0000000088b00000, 0x0000000088c00000|  0%| F|  |TAMS 0x0000000088b00000, 0x0000000088b00000| Untracked 
|  86|0x0000000088c00000, 0x0000000088c00000, 0x0000000088d00000|  0%| F|  |TAMS 0x0000000088c00000, 0x0000000088c00000| Untracked 
|  87|0x0000000088d00000, 0x0000000088d00000, 0x0000000088e00000|  0%| F|  |TAMS 0x0000000088d00000, 0x0000000088d00000| Untracked 
|  88|0x0000000088e00000, 0x0000000088e00000, 0x0000000088f00000|  0%| F|  |TAMS 0x0000000088e00000, 0x0000000088e00000| Untracked 
|  89|0x0000000088f00000, 0x0000000088f00000, 0x0000000089000000|  0%| F|  |TAMS 0x0000000088f00000, 0x0000000088f00000| Untracked 
|  90|0x0000000089000000, 0x0000000089000000, 0x0000000089100000|  0%| F|  |TAMS 0x0000000089000000, 0x0000000089000000| Untracked 
|  91|0x0000000089100000, 0x0000000089100000, 0x0000000089200000|  0%| F|  |TAMS 0x0000000089100000, 0x0000000089100000| Untracked 
|  92|0x0000000089200000, 0x0000000089200000, 0x0000000089300000|  0%| F|  |TAMS 0x0000000089200000, 0x0000000089200000| Untracked 
|  93|0x0000000089300000, 0x0000000089300000, 0x0000000089400000|  0%| F|  |TAMS 0x0000000089300000, 0x0000000089300000| Untracked 
|  94|0x0000000089400000, 0x0000000089400000, 0x0000000089500000|  0%| F|  |TAMS 0x0000000089400000, 0x0000000089400000| Untracked 
|  95|0x0000000089500000, 0x0000000089500000, 0x0000000089600000|  0%| F|  |TAMS 0x0000000089500000, 0x0000000089500000| Untracked 
|  96|0x0000000089600000, 0x0000000089600000, 0x0000000089700000|  0%| F|  |TAMS 0x0000000089600000, 0x0000000089600000| Untracked 
|  97|0x0000000089700000, 0x0000000089700000, 0x0000000089800000|  0%| F|  |TAMS 0x0000000089700000, 0x0000000089700000| Untracked 
|  98|0x0000000089800000, 0x0000000089800000, 0x0000000089900000|  0%| F|  |TAMS 0x0000000089800000, 0x0000000089800000| Untracked 
|  99|0x0000000089900000, 0x0000000089900000, 0x0000000089a00000|  0%| F|  |TAMS 0x0000000089900000, 0x0000000089900000| Untracked 
| 100|0x0000000089a00000, 0x0000000089a00000, 0x0000000089b00000|  0%| F|  |TAMS 0x0000000089a00000, 0x0000000089a00000| Untracked 
| 101|0x0000000089b00000, 0x0000000089b00000, 0x0000000089c00000|  0%| F|  |TAMS 0x0000000089b00000, 0x0000000089b00000| Untracked 
| 102|0x0000000089c00000, 0x0000000089c00000, 0x0000000089d00000|  0%| F|  |TAMS 0x0000000089c00000, 0x0000000089c00000| Untracked 
| 103|0x0000000089d00000, 0x0000000089d00000, 0x0000000089e00000|  0%| F|  |TAMS 0x0000000089d00000, 0x0000000089d00000| Untracked 
| 104|0x0000000089e00000, 0x0000000089e00000, 0x0000000089f00000|  0%| F|  |TAMS 0x0000000089e00000, 0x0000000089e00000| Untracked 
| 105|0x0000000089f00000, 0x0000000089f00000, 0x000000008a000000|  0%| F|  |TAMS 0x0000000089f00000, 0x0000000089f00000| Untracked 
| 106|0x000000008a000000, 0x000000008a000000, 0x000000008a100000|  0%| F|  |TAMS 0x000000008a000000, 0x000000008a000000| Untracked 
| 107|0x000000008a100000, 0x000000008a100000, 0x000000008a200000|  0%| F|  |TAMS 0x000000008a100000, 0x000000008a100000| Untracked 
| 108|0x000000008a200000, 0x000000008a200000, 0x000000008a300000|  0%| F|  |TAMS 0x000000008a200000, 0x000000008a200000| Untracked 
| 109|0x000000008a300000, 0x000000008a300000, 0x000000008a400000|  0%| F|  |TAMS 0x000000008a300000, 0x000000008a300000| Untracked 
| 110|0x000000008a400000, 0x000000008a400000, 0x000000008a500000|  0%| F|  |TAMS 0x000000008a400000, 0x000000008a400000| Untracked 
| 111|0x000000008a500000, 0x000000008a500000, 0x000000008a600000|  0%| F|  |TAMS 0x000000008a500000, 0x000000008a500000| Untracked 
| 112|0x000000008a600000, 0x000000008a600000, 0x000000008a700000|  0%| F|  |TAMS 0x000000008a600000, 0x000000008a600000| Untracked 
| 113|0x000000008a700000, 0x000000008a700000, 0x000000008a800000|  0%| F|  |TAMS 0x000000008a700000, 0x000000008a700000| Untracked 
| 114|0x000000008a800000, 0x000000008a800000, 0x000000008a900000|  0%| F|  |TAMS 0x000000008a800000, 0x000000008a800000| Untracked 
| 115|0x000000008a900000, 0x000000008a900000, 0x000000008aa00000|  0%| F|  |TAMS 0x000000008a900000, 0x000000008a900000| Untracked 
| 116|0x000000008aa00000, 0x000000008aa00000, 0x000000008ab00000|  0%| F|  |TAMS 0x000000008aa00000, 0x000000008aa00000| Untracked 
| 117|0x000000008ab00000, 0x000000008ab00000, 0x000000008ac00000|  0%| F|  |TAMS 0x000000008ab00000, 0x000000008ab00000| Untracked 
| 118|0x000000008ac00000, 0x000000008ac00000, 0x000000008ad00000|  0%| F|  |TAMS 0x000000008ac00000, 0x000000008ac00000| Untracked 
| 119|0x000000008ad00000, 0x000000008ad00000, 0x000000008ae00000|  0%| F|  |TAMS 0x000000008ad00000, 0x000000008ad00000| Untracked 
| 120|0x000000008ae00000, 0x000000008ae00000, 0x000000008af00000|  0%| F|  |TAMS 0x000000008ae00000, 0x000000008ae00000| Untracked 
| 121|0x000000008af00000, 0x000000008af00000, 0x000000008b000000|  0%| F|  |TAMS 0x000000008af00000, 0x000000008af00000| Untracked 
| 122|0x000000008b000000, 0x000000008b000000, 0x000000008b100000|  0%| F|  |TAMS 0x000000008b000000, 0x000000008b000000| Untracked 
| 123|0x000000008b100000, 0x000000008b100000, 0x000000008b200000|  0%| F|  |TAMS 0x000000008b100000, 0x000000008b100000| Untracked 
| 124|0x000000008b200000, 0x000000008b2f4ef8, 0x000000008b300000| 95%| S|CS|TAMS 0x000000008b200000, 0x000000008b200000| Complete 
| 125|0x000000008b300000, 0x000000008b380000, 0x000000008b400000| 50%| E|  |TAMS 0x000000008b300000, 0x000000008b300000| Complete 

Card table byte_map: [0x000002a1cfd30000,0x000002a1d0120000] _byte_map_base: 0x000002a1cf915000

Marking Bits (Prev, Next): (CMBitMap*) 0x000002a1b8efdc38, (CMBitMap*) 0x000002a1b8efdc70
 Prev Bits: [0x000002a1d0510000, 0x000002a1d2438000)
 Next Bits: [0x000002a1d2440000, 0x000002a1d4368000)

Polling page: 0x000002a1b86a0000

Metaspace:

Usage:
  Non-class:      5.30 MB capacity,     5.24 MB ( 99%) used,    62.69 KB (  1%) free+waste,     3.13 KB ( <1%) overhead. 
      Class:    541.00 KB capacity,   511.30 KB ( 95%) used,    28.08 KB (  5%) free+waste,     1.63 KB ( <1%) overhead. 
       Both:      5.83 MB capacity,     5.74 MB ( 98%) used,    90.77 KB (  2%) free+waste,     4.75 KB ( <1%) overhead. 

Virtual space:
  Non-class space:       18.00 MB reserved,       5.50 MB ( 31%) committed 
      Class space:        1.00 GB reserved,     640.00 KB ( <1%) committed 
             Both:        1.02 GB reserved,       6.13 MB ( <1%) committed 

Chunk freelists:
   Non-Class:  11.00 KB
       Class:  3.00 KB
        Both:  14.00 KB

MaxMetaspaceSize: 17179869184.00 GB
CompressedClassSpaceSize: 1.00 GB

CodeHeap 'non-profiled nmethods': size=120000Kb used=51Kb max_used=51Kb free=119948Kb
 bounds [0x000002a1c80d0000, 0x000002a1c8340000, 0x000002a1cf600000]
CodeHeap 'profiled nmethods': size=120000Kb used=234Kb max_used=234Kb free=119765Kb
 bounds [0x000002a1c0ba0000, 0x000002a1c0e10000, 0x000002a1c80d0000]
CodeHeap 'non-nmethods': size=5760Kb used=1053Kb max_used=1053Kb free=4706Kb
 bounds [0x000002a1c0600000, 0x000002a1c0870000, 0x000002a1c0ba0000]
 total_blobs=546 nmethods=201 adapters=257
 compilation: enabled
              stopped_count=0, restarted_count=0
 full_count=0

Compilation events (20 events):
Event: 0.181 Thread 0x000002a1d76c8800 nmethod 185 0x000002a1c0bd3c90 code [0x000002a1c0bd3e60, 0x000002a1c0bd40f8]
Event: 0.181 Thread 0x000002a1d76c8800  186       3       jdk.internal.org.objectweb.asm.ClassWriter::put (152 bytes)
Event: 0.181 Thread 0x000002a1d76c8800 nmethod 186 0x000002a1c0bd4210 code [0x000002a1c0bd4440, 0x000002a1c0bd4c98]
Event: 0.181 Thread 0x000002a1d76c8800  183       3       java.lang.ref.WeakReference::<init> (6 bytes)
Event: 0.181 Thread 0x000002a1d76c8800 nmethod 183 0x000002a1c0bd4f90 code [0x000002a1c0bd5160, 0x000002a1c0bd5458]
Event: 0.181 Thread 0x000002a1d76c8800  187       3       java.lang.invoke.MethodType$ConcurrentWeakInternSet$WeakEntry::<init> (14 bytes)
Event: 0.181 Thread 0x000002a1d76c8800 nmethod 187 0x000002a1c0bd5590 code [0x000002a1c0bd5780, 0x000002a1c0bd5ba8]
Event: 0.182 Thread 0x000002a1d76c8800  189       3       java.lang.invoke.MethodType$ConcurrentWeakInternSet::get (54 bytes)
Event: 0.182 Thread 0x000002a1d76c8800 nmethod 189 0x000002a1c0bd5d10 code [0x000002a1c0bd5f80, 0x000002a1c0bd6c18]
Event: 0.182 Thread 0x000002a1d76c8800  191       3       sun.invoke.util.VerifyAccess::isTypeVisible (118 bytes)
Event: 0.183 Thread 0x000002a1d76c8800 nmethod 191 0x000002a1c0bd7010 code [0x000002a1c0bd73c0, 0x000002a1c0bd8ea8]
Event: 0.183 Thread 0x000002a1d76c8800  188       3       java.lang.Number::<init> (5 bytes)
Event: 0.183 Thread 0x000002a1d76c8800 nmethod 188 0x000002a1c0bd9710 code [0x000002a1c0bd98c0, 0x000002a1c0bd9a18]
Event: 0.183 Thread 0x000002a1d76c8800  192       3       java.lang.invoke.MemberName::testAllFlags (7 bytes)
Event: 0.183 Thread 0x000002a1d76c8800 nmethod 192 0x000002a1c0bd9b10 code [0x000002a1c0bd9cc0, 0x000002a1c0bd9e78]
Event: 0.183 Thread 0x000002a1d76c8800  200       3       java.lang.invoke.LambdaForm$Name::useCount (42 bytes)
Event: 0.183 Thread 0x000002a1d76c8800 nmethod 200 0x000002a1c0bd9f10 code [0x000002a1c0bda0e0, 0x000002a1c0bda3d8]
Event: 0.183 Thread 0x000002a1d76c8800  193       3       java.lang.invoke.LambdaForm$Name::initIndex (26 bytes)
Event: 0.183 Thread 0x000002a1d76c8800 nmethod 193 0x000002a1c0bda510 code [0x000002a1c0bda6c0, 0x000002a1c0bda858]
Event: 0.183 Thread 0x000002a1d76c8800  195       3       jdk.internal.org.objectweb.asm.Frame::execute (2264 bytes)

GC Heap History (2 events):
Event: 0.171 GC heap before
{Heap before GC invocations=0 (full 0):
 garbage-first heap   total 129024K, used 2048K [0x0000000083600000, 0x0000000100000000)
  region size 1024K, 3 young (3072K), 0 survivors (0K)
 Metaspace       used 5553K, capacity 5576K, committed 5632K, reserved 1067008K
  class space    used 472K, capacity 492K, committed 512K, reserved 1048576K
}
Event: 0.173 GC heap after
{Heap after GC invocations=1 (full 0):
 garbage-first heap   total 129024K, used 875K [0x0000000083600000, 0x0000000100000000)
  region size 1024K, 1 young (1024K), 1 survivors (1024K)
 Metaspace       used 5553K, capacity 5576K, committed 5632K, reserved 1067008K
  class space    used 472K, capacity 492K, committed 512K, reserved 1048576K
}

Deoptimization events (4 events):
Event: 0.119 Thread 0x000002a1b8ebc800 Uncommon trap: trap_request=0xffffff4d fr.pc=0x000002a1c80d3f0c relative=0x00000000000001ec
Event: 0.119 Thread 0x000002a1b8ebc800 Uncommon trap: reason=unstable_if action=reinterpret pc=0x000002a1c80d3f0c method=java.lang.String.hashCode()I @ 14 c2
Event: 0.119 Thread 0x000002a1b8ebc800 DEOPT PACKING pc=0x000002a1c80d3f0c sp=0x000000dfc29fd750
Event: 0.119 Thread 0x000002a1b8ebc800 DEOPT UNPACKING pc=0x000002a1c06274af sp=0x000000dfc29fd6e8 mode 2

Classes redefined (0 events):
No events

Internal exceptions (0 events):
No events

Events (20 events):
Event: 0.178 loading class java/lang/invoke/BoundMethodHandle$Species_LLLL
Event: 0.178 loading class java/lang/invoke/BoundMethodHandle$Species_LLLL done
Event: 0.179 loading class java/lang/invoke/BoundMethodHandle$Species_LLLLL
Event: 0.179 loading class java/lang/invoke/BoundMethodHandle$Species_LLLLL done
Event: 0.180 loading class java/lang/invoke/BoundMethodHandle$Species_LLLLLL
Event: 0.180 loading class java/lang/invoke/BoundMethodHandle$Species_LLLLLL done
Event: 0.181 loading class java/lang/Byte$ByteCache
Event: 0.181 loading class java/lang/Byte$ByteCache done
Event: 0.181 loading class java/lang/invoke/MethodHandles$1
Event: 0.181 loading class java/lang/invoke/MethodHandles$1 done
Event: 0.181 loading class java/lang/invoke/BoundMethodHandle$Species_LLLLLLI
Event: 0.181 loading class java/lang/invoke/BoundMethodHandle$Species_LLLLLLI done
Event: 0.182 loading class sun/invoke/util/ValueConversions$WrapperCache
Event: 0.182 loading class sun/invoke/util/ValueConversions$WrapperCache done
Event: 0.182 loading class java/lang/invoke/BoundMethodHandle$Species_LLLLLLII
Event: 0.183 loading class java/lang/invoke/BoundMethodHandle$Species_LLLLLLII done
Event: 0.184 loading class java/lang/invoke/BoundMethodHandle$Species_LLLLLLIIL
Event: 0.184 loading class java/lang/invoke/BoundMethodHandle$Species_LLLLLLIIL done
Event: 0.185 loading class org/apache/xmlrpc/XmlRpcClientLite
Event: 0.185 loading class org/apache/xmlrpc/XmlRpcClientLite done


Dynamic libraries:
0x00007ff7b0bb0000 - 0x00007ff7b0bba000 	D:\mydata\Program Files\JetBrains\IntelliJ IDEA 2020.3.2\jbr\bin\java.exe
0x00007ffc8e3b0000 - 0x00007ffc8e5a5000 	C:\WINDOWS\SYSTEM32\ntdll.dll
0x00007ffc8c410000 - 0x00007ffc8c4cd000 	C:\WINDOWS\System32\KERNEL32.DLL
0x00007ffc8c090000 - 0x00007ffc8c359000 	C:\WINDOWS\System32\KERNELBASE.dll
0x00007ffc8baf0000 - 0x00007ffc8bbf0000 	C:\WINDOWS\System32\ucrtbase.dll
0x00007ffc73bf0000 - 0x00007ffc73c09000 	D:\mydata\Program Files\JetBrains\IntelliJ IDEA 2020.3.2\jbr\bin\jli.dll
0x00007ffc80060000 - 0x00007ffc80077000 	D:\mydata\Program Files\JetBrains\IntelliJ IDEA 2020.3.2\jbr\bin\VCRUNTIME140.dll
0x00007ffc8d490000 - 0x00007ffc8d630000 	C:\WINDOWS\System32\USER32.dll
0x00007ffc8bbf0000 - 0x00007ffc8bc12000 	C:\WINDOWS\System32\win32u.dll
0x00007ffc8d1a0000 - 0x00007ffc8d1ca000 	C:\WINDOWS\System32\GDI32.dll
0x00007ffc75490000 - 0x00007ffc7572a000 	C:\WINDOWS\WinSxS\amd64_microsoft.windows.common-controls_6595b64144ccf1df_6.0.19041.844_none_ca00b6081b84eb1d\COMCTL32.dll
0x00007ffc8bc20000 - 0x00007ffc8bd2b000 	C:\WINDOWS\System32\gdi32full.dll
0x00007ffc8df50000 - 0x00007ffc8dfee000 	C:\WINDOWS\System32\msvcrt.dll
0x00007ffc8bd30000 - 0x00007ffc8bdcd000 	C:\WINDOWS\System32\msvcp_win.dll
0x00007ffc8df20000 - 0x00007ffc8df50000 	C:\WINDOWS\System32\IMM32.DLL
0x00007ffc74110000 - 0x00007ffc741ad000 	D:\mydata\Program Files\JetBrains\IntelliJ IDEA 2020.3.2\jbr\bin\msvcp140.dll
0x00007ffbe4c10000 - 0x00007ffbe56de000 	D:\mydata\Program Files\JetBrains\IntelliJ IDEA 2020.3.2\jbr\bin\server\jvm.dll
0x00007ffc8e1c0000 - 0x00007ffc8e26c000 	C:\WINDOWS\System32\ADVAPI32.dll
0x00007ffc8e2d0000 - 0x00007ffc8e36c000 	C:\WINDOWS\System32\sechost.dll
0x00007ffc8ddf0000 - 0x00007ffc8df1b000 	C:\WINDOWS\System32\RPCRT4.dll
0x00007ffc8c4d0000 - 0x00007ffc8c4d8000 	C:\WINDOWS\System32\PSAPI.DLL
0x00007ffc82430000 - 0x00007ffc82439000 	C:\WINDOWS\SYSTEM32\WSOCK32.dll
0x00007ffc8d630000 - 0x00007ffc8d69b000 	C:\WINDOWS\System32\WS2_32.dll
0x00007ffc76750000 - 0x00007ffc76777000 	C:\WINDOWS\SYSTEM32\WINMM.dll
0x00007ffc7ecb0000 - 0x00007ffc7ecba000 	C:\WINDOWS\SYSTEM32\VERSION.dll
0x00007ffc8a3d0000 - 0x00007ffc8a3e2000 	C:\WINDOWS\SYSTEM32\kernel.appcore.dll
0x00007ffc74240000 - 0x00007ffc74251000 	D:\mydata\Program Files\JetBrains\IntelliJ IDEA 2020.3.2\jbr\bin\verify.dll
0x00007ffc8a100000 - 0x00007ffc8a2e4000 	C:\WINDOWS\SYSTEM32\DBGHELP.DLL
0x00007ffc762c0000 - 0x00007ffc762ec000 	C:\WINDOWS\SYSTEM32\dbgcore.DLL
0x00007ffc8bdd0000 - 0x00007ffc8be50000 	C:\WINDOWS\System32\bcryptPrimitives.dll
0x00007ffc73c10000 - 0x00007ffc73c39000 	D:\mydata\Program Files\JetBrains\IntelliJ IDEA 2020.3.2\jbr\bin\java.dll
0x00007ffc81a30000 - 0x00007ffc81a3b000 	D:\mydata\Program Files\JetBrains\IntelliJ IDEA 2020.3.2\jbr\bin\jimage.dll
0x00007ffc73bd0000 - 0x00007ffc73be8000 	D:\mydata\Program Files\JetBrains\IntelliJ IDEA 2020.3.2\jbr\bin\zip.dll
0x00007ffc8d6a0000 - 0x00007ffc8dde2000 	C:\WINDOWS\System32\SHELL32.dll
0x00007ffc898a0000 - 0x00007ffc8a030000 	C:\WINDOWS\SYSTEM32\windows.storage.dll
0x00007ffc8c5d0000 - 0x00007ffc8c925000 	C:\WINDOWS\System32\combase.dll
0x00007ffc8b560000 - 0x00007ffc8b58c000 	C:\WINDOWS\SYSTEM32\Wldp.dll
0x00007ffc8d3e0000 - 0x00007ffc8d48e000 	C:\WINDOWS\System32\SHCORE.dll
0x00007ffc8d140000 - 0x00007ffc8d195000 	C:\WINDOWS\System32\shlwapi.dll
0x00007ffc8ba30000 - 0x00007ffc8ba4f000 	C:\WINDOWS\SYSTEM32\profapi.dll
0x00007ffc73bb0000 - 0x00007ffc73bca000 	D:\MyData\Program Files\JetBrains\IntelliJ IDEA 2020.3.2\jbr\bin\net.dll
0x00007ffc84070000 - 0x00007ffc8417c000 	C:\WINDOWS\SYSTEM32\WINHTTP.dll
0x00007ffc8b2e0000 - 0x00007ffc8b34a000 	C:\WINDOWS\system32\mswsock.dll
0x00007ffc73b90000 - 0x00007ffc73ba4000 	D:\MyData\Program Files\JetBrains\IntelliJ IDEA 2020.3.2\jbr\bin\nio.dll

dbghelp: loaded successfully - version: 4.0.5 - missing functions: none
symbol engine: initialized successfully - sym options: 0x614 - pdb path: .;D:\mydata\Program Files\JetBrains\IntelliJ IDEA 2020.3.2\jbr\bin;C:\WINDOWS\SYSTEM32;C:\WINDOWS\WinSxS\amd64_microsoft.windows.common-controls_6595b64144ccf1df_6.0.19041.844_none_ca00b6081b84eb1d;D:\mydata\Program Files\JetBrains\IntelliJ IDEA 2020.3.2\jbr\bin\server

VM Arguments:
java_command: org.jetbrains.git4idea.http.GitAskPassApp Username for 'https://github.com': 
java_class_path (initial): D:/MyData/Program Files/JetBrains/IntelliJ IDEA 2020.3.2/plugins/git4idea/lib/git4idea-rt.jar;D:/MyData/Program Files/JetBrains/IntelliJ IDEA 2020.3.2/lib/xmlrpc-2.0.1.jar;D:/MyData/Program Files/JetBrains/IntelliJ IDEA 2020.3.2/lib/commons-codec-1.14.jar
Launcher Type: SUN_STANDARD

[Global flags]
     intx CICompilerCount                          = 4                                         {product} {ergonomic}
     uint ConcGCThreads                            = 2                                         {product} {ergonomic}
     uint G1ConcRefinementThreads                  = 8                                         {product} {ergonomic}
   size_t G1HeapRegionSize                         = 1048576                                   {product} {ergonomic}
    uintx GCDrainStackTargetSize                   = 64                                        {product} {ergonomic}
   size_t InitialHeapSize                          = 132120576                                 {product} {ergonomic}
   size_t MarkStackSize                            = 4194304                                   {product} {ergonomic}
   size_t MaxHeapSize                              = 2090860544                                {product} {ergonomic}
   size_t MaxNewSize                               = 1254096896                                {product} {ergonomic}
   size_t MinHeapDeltaBytes                        = 1048576                                   {product} {ergonomic}
    uintx NonNMethodCodeHeapSize                   = 5836300                                {pd product} {ergonomic}
    uintx NonProfiledCodeHeapSize                  = 122910970                              {pd product} {ergonomic}
    uintx ProfiledCodeHeapSize                     = 122910970                              {pd product} {ergonomic}
    uintx ReservedCodeCacheSize                    = 251658240                              {pd product} {ergonomic}
     bool SegmentedCodeCache                       = true                                      {product} {ergonomic}
     bool UseCompressedClassPointers               = true                                 {lp64_product} {ergonomic}
     bool UseCompressedOops                        = true                                 {lp64_product} {ergonomic}
     bool UseG1GC                                  = true                                      {product} {ergonomic}
     bool UseLargePagesIndividualAllocation        = false                                  {pd product} {ergonomic}

Logging:
Log output configuration:
 #0: stdout all=warning uptime,level,tags
 #1: stderr all=off uptime,level,tags

Environment Variables:
PATH=D:\Git\mingw64\libexec\git-core;D:\Git\mingw64\libexec\git-core;D:\Git\mingw64\bin;D:\Git\usr\bin;C:\Users\Gc\bin;C:\Windows\system32;C:\Windows;C:\Windows\System32\Wbem;C:\Windows\System32\WindowsPowerShell\v1.0;C:\Windows\System32\OpenSSH;C:\Program Files (x86)\NVIDIA Corporation\PhysX\Common;C:\Program Files\NVIDIA Corporation\NVIDIA NvDLISR;C:\Program Files (x86)\Microsoft SQL Server\150\Tools\Binn;C:\Program Files\Microsoft SQL Server\150\Tools\Binn;C:\Program Files\Microsoft SQL Server\Client SDK\ODBC\170\Tools\Binn;C:\Program Files\Microsoft SQL Server\150\DTS\Binn;C:\Program Files (x86)\Microsoft SQL Server\150\DTS\Binn;C:\Program Files\Azure Data Studio\bin;C:\WINDOWS\system32;C:\WINDOWS;C:\WINDOWS\System32\Wbem;C:\WINDOWS\System32\WindowsPowerShell\v1.0;C:\WINDOWS\System32\OpenSSH;C:\Program Files\nodejs;C:\Users\Gc\AppData\Local\Programs\Python\Python38-32\Scripts;C:\Users\Gc\AppData\Local\Programs\Python\Python38-32;C:\Users\Gc\AppData\Local\Microsoft\WindowsApps;C:\Program Files\Bandizip;C:\Program Files\Azure Data Studio\bin;D:\Microsoft VS Code\bin;C:\Users\Gc\AppData\Roaming\npm
USERNAME=Gc
DISPLAY=:0.0
LC_ALL=en_US.UTF-8
OS=Windows_NT
PROCESSOR_IDENTIFIER=Intel64 Family 6 Model 158 Stepping 10, GenuineIntel



---------------  S Y S T E M  ---------------

OS: Windows 10 , 64 bit Build 19041 (10.0.19041.804)
OS uptime: 0 days 22:48 hours

CPU:total 8 (initial active 8) (4 cores per cpu, 2 threads per core) family 6 model 158 stepping 10, cmov, cx8, fxsr, mmx, sse, sse2, sse3, ssse3, sse4.1, sse4.2, popcnt, avx, avx2, aes, clmul, erms, 3dnowpref, lzcnt, ht, tsc, tscinvbit, bmi1, bmi2, adx, fma

Memory: 4k page, system-wide physical 7973M (1112M free)
TotalPageFile size 14117M (AvailPageFile size 1M)
current process WorkingSet (physical memory assigned to process): 39M, peak: 39M
current process commit charge ("private bytes"): 203M, peak: 203M

vm_info: OpenJDK 64-Bit Server VM (11.0.9.1+11-b1145.77) for windows-amd64 JRE (11.0.9.1+11-b1145.77), built on Jan 16 2021 05:14:13 by "" with MS VC++ 14.0 (VS2015)

END.
